2026-01-16 11:36:45,442 | INFO | MainThread | Created a socket
2026-01-16 13:21:21,993 | INFO | MainThread | Created a socket
2026-01-16 13:53:59,541 | INFO | MainThread | Created a socket
2026-01-16 14:28:18,023 | INFO | MainThread | Created a socket
2026-01-16 14:33:51,058 | INFO | MainThread | Created a socket
2026-01-16 14:56:05,795 | INFO | MainThread | Created a socket
2026-01-16 15:02:05,264 | INFO | MainThread | Created a socket
2026-01-16 15:05:22,605 | INFO | MainThread | Created a socket
2026-01-16 15:07:49,758 | INFO | MainThread | Created a socket
2026-01-16 15:08:12,446 | INFO | MainThread | Created a socket
2026-01-16 15:12:47,677 | INFO | MainThread | Created a socket
2026-01-16 15:15:23,600 | INFO | MainThread | Created a socket
2026-01-17 11:57:25,804 | INFO | MainThread | Created a socket
2026-01-17 12:22:09,524 | INFO | MainThread | Created a socket
2026-01-17 12:30:07,931 | INFO | MainThread | Created a socket
2026-01-17 12:32:42,081 | INFO | MainThread | Created a socket
2026-01-17 12:34:38,738 | INFO | MainThread | Created a socket
2026-01-17 12:43:34,085 | INFO | MainThread | Created a socket
2026-01-17 13:05:49,628 | INFO | MainThread | Created a socket
2026-01-17 14:10:22,071 | INFO | MainThread | Created a socket
2026-01-17 14:16:30,860 | INFO | MainThread | Created a socket
2026-01-17 16:03:49,692 | INFO | MainThread | Created a socket
2026-01-17 16:15:41,790 | INFO | MainThread | Created a socket
2026-01-17 16:15:42,001 | WARNING | MainThread | SocketcanBus was not properly shut down
2026-01-17 16:16:05,886 | INFO | MainThread | Created a socket
2026-01-17 16:16:06,091 | WARNING | MainThread | SocketcanBus was not properly shut down
2026-01-17 16:16:20,730 | INFO | MainThread | Created a socket
2026-01-17 16:32:17,898 | INFO | MainThread | Created a socket
2026-01-17 16:33:20,292 | INFO | MainThread | Created a socket
2026-01-17 16:36:01,142 | INFO | MainThread | Created a socket
2026-01-17 16:37:28,107 | INFO | MainThread | Created a socket
2026-01-17 17:06:36,582 | INFO | MainThread | Created a socket
2026-01-17 17:06:46,190 | INFO | MainThread | Created a socket
2026-01-17 17:07:07,912 | INFO | MainThread | Created a socket
2026-01-17 17:07:16,857 | INFO | MainThread | Created a socket
2026-01-17 17:08:43,805 | INFO | MainThread | Created a socket
2026-01-17 17:11:22,870 | INFO | MainThread | Created a socket
2026-01-17 17:22:47,592 | INFO | MainThread | Created a socket
2026-01-17 17:24:40,286 | INFO | MainThread | Created a socket
2026-01-17 17:25:25,274 | INFO | MainThread | Created a socket
2026-01-23 14:10:07,256 | INFO | MainThread | Created a socket
2026-01-23 14:10:07,468 | WARNING | MainThread | SocketcanBus was not properly shut down
2026-01-23 14:10:50,158 | CRITICAL | MainThread | Traceback (most recent call last):
  File "/home/droids/Documents/embedded/utils/gain_tuner.py", line 1184, in <module>
    main()
  File "/home/droids/Documents/embedded/utils/gain_tuner.py", line 1156, in main
    motor_ids = parse_motor_ids_or_scan()
                ^^^^^^^^^^^^^^^^^^^^^^^^^
  File "/home/droids/Documents/embedded/utils/gain_tuner.py", line 787, in parse_motor_ids_or_scan
    s = input("Motor IDs: ").strip()
        ^^^^^^^^^^^^^^^^^^^^
KeyboardInterrupt

2026-01-23 14:11:06,364 | INFO | MainThread | Created a socket
2026-01-23 14:11:06,573 | WARNING | MainThread | SocketcanBus was not properly shut down
2026-01-23 14:15:45,189 | INFO | MainThread | Created a socket
2026-01-24 14:28:39,227 | INFO | MainThread | Created a socket
